[
  [
    [
      {
        "Plan": {
          "Node Type": "Nested Loop",
          "Parallel Aware": false,
          "Async Capable": false,
          "Join Type": "Inner",
          "Startup Cost": 0.57,
          "Total Cost": 6694.71,
          "Plan Rows": 25298,
          "Plan Width": 127,
          "Actual Startup Time": 0.432,
          "Actual Total Time": 177.258,
          "Actual Rows": 44916,
          "Actual Loops": 1,
          "Output": [
            "customer.c_custkey",
            "customer.c_name",
            "nation.n_name"
          ],
          "Inner Unique": true,
          "Shared Hit Blocks": 253,
          "Shared Read Blocks": 2052,
          "Shared Dirtied Blocks": 0,
          "Shared Written Blocks": 0,
          "Local Hit Blocks": 0,
          "Local Read Blocks": 0,
          "Local Dirtied Blocks": 0,
          "Local Written Blocks": 0,
          "Temp Read Blocks": 0,
          "Temp Written Blocks": 0,
          "Plans": [
            {
              "Node Type": "Index Scan",
              "Parent Relationship": "Outer",
              "Parallel Aware": false,
              "Async Capable": false,
              "Scan Direction": "Backward",
              "Index Name": "customer_pkey",
              "Relation Name": "customer",
              "Schema": "public",
              "Alias": "customer",
              "Startup Cost": 0.42,
              "Total Cost": 4810.61,
              "Plan Rows": 75449,
              "Plan Width": 27,
              "Actual Startup Time": 0.41,
              "Actual Total Time": 158.389,
              "Actual Rows": 75001,
              "Actual Loops": 1,
              "Output": [
                "customer.c_custkey",
                "customer.c_name",
                "customer.c_address",
                "customer.c_nationkey",
                "customer.c_phone",
                "customer.c_acctbal",
                "customer.c_mktsegment",
                "customer.c_comment"
              ],
              "Index Cond": "(customer.c_custkey >= 75000)",
              "Rows Removed by Index Recheck": 0,
              "Shared Hit Blocks": 223,
              "Shared Read Blocks": 2052,
              "Shared Dirtied Blocks": 0,
              "Shared Written Blocks": 0,
              "Local Hit Blocks": 0,
              "Local Read Blocks": 0,
              "Local Dirtied Blocks": 0,
              "Local Written Blocks": 0,
              "Temp Read Blocks": 0,
              "Temp Written Blocks": 0
            },
            {
              "Node Type": "Memoize",
              "Parent Relationship": "Inner",
              "Parallel Aware": false,
              "Async Capable": false,
              "Startup Cost": 0.15,
              "Total Cost": 0.18,
              "Plan Rows": 1,
              "Plan Width": 108,
              "Actual Startup Time": 0.0,
              "Actual Total Time": 0.0,
              "Actual Rows": 1,
              "Actual Loops": 75001,
              "Output": [
                "nation.n_name",
                "nation.n_nationkey"
              ],
              "Cache Key": "customer.c_nationkey",
              "Cache Mode": "logical",
              "Cache Hits": 74976,
              "Cache Misses": 25,
              "Cache Evictions": 0,
              "Cache Overflows": 0,
              "Peak Memory Usage": 3,
              "Shared Hit Blocks": 30,
              "Shared Read Blocks": 0,
              "Shared Dirtied Blocks": 0,
              "Shared Written Blocks": 0,
              "Local Hit Blocks": 0,
              "Local Read Blocks": 0,
              "Local Dirtied Blocks": 0,
              "Local Written Blocks": 0,
              "Temp Read Blocks": 0,
              "Temp Written Blocks": 0,
              "Plans": [
                {
                  "Node Type": "Index Scan",
                  "Parent Relationship": "Outer",
                  "Parallel Aware": false,
                  "Async Capable": false,
                  "Scan Direction": "Forward",
                  "Index Name": "nation_pkey",
                  "Relation Name": "nation",
                  "Schema": "public",
                  "Alias": "nation",
                  "Startup Cost": 0.14,
                  "Total Cost": 0.17,
                  "Plan Rows": 1,
                  "Plan Width": 108,
                  "Actual Startup Time": 0.002,
                  "Actual Total Time": 0.002,
                  "Actual Rows": 1,
                  "Actual Loops": 25,
                  "Output": [
                    "nation.n_name",
                    "nation.n_nationkey"
                  ],
                  "Index Cond": "((nation.n_nationkey = customer.c_nationkey) AND (nation.n_nationkey >= 10))",
                  "Rows Removed by Index Recheck": 0,
                  "Shared Hit Blocks": 30,
                  "Shared Read Blocks": 0,
                  "Shared Dirtied Blocks": 0,
                  "Shared Written Blocks": 0,
                  "Local Hit Blocks": 0,
                  "Local Read Blocks": 0,
                  "Local Dirtied Blocks": 0,
                  "Local Written Blocks": 0,
                  "Temp Read Blocks": 0,
                  "Temp Written Blocks": 0
                }
              ]
            }
          ]
        },
        "Planning": {
          "Shared Hit Blocks": 117,
          "Shared Read Blocks": 17,
          "Shared Dirtied Blocks": 0,
          "Shared Written Blocks": 0,
          "Local Hit Blocks": 0,
          "Local Read Blocks": 0,
          "Local Dirtied Blocks": 0,
          "Local Written Blocks": 0,
          "Temp Read Blocks": 0,
          "Temp Written Blocks": 0
        },
        "Planning Time": 5.323,
        "Triggers": [],
        "Execution Time": 178.26
      }
    ]
  ]
]